#
# A fatal error has been detected by the Java Runtime Environment:
#
#  EXCEPTION_ACCESS_VIOLATION (0xc0000005) at pc=0x00007ffa6dd1122c, pid=12168, tid=0x00000000000027a8
#
# JRE version: Java(TM) SE Runtime Environment (8.0_101-b13) (build 1.8.0_101-b13)
# Java VM: Java HotSpot(TM) 64-Bit Server VM (25.101-b13 mixed mode windows-amd64 compressed oops)
# Problematic frame:
# C  [cplex1261remotejni.dll+0x3f122c]
#
# Failed to write core dump. Minidumps are not enabled by default on client versions of Windows
#
# If you would like to submit a bug report, please visit:
#   http://bugreport.java.com/bugreport/crash.jsp
# The crash happened outside the Java Virtual Machine in native code.
# See problematic frame for where to report the bug.
#

---------------  T H R E A D  ---------------

Current thread (0x00000000024b1000):  JavaThread "main" [_thread_in_native, id=10152, stack(0x0000000002310000,0x0000000002410000)]

siginfo: ExceptionCode=0xc0000005, reading address 0x0000000000000008

Registers:
RAX=0x0000000000000000, RBX=0x0000000016be45a0, RCX=0x0000000016be45a0, RDX=0x000000000240e528
RSP=0x000000000240cfc0, RBP=0x0000000016bf4ac0, RSI=0x0000000000000020, RDI=0x00000000165f8000
R8 =0x0000000000000073, R9 =0x0000000000000000, R10=0x4000000000000000, R11=0x000000000000004c
R12=0x0000000016be45a0, R13=0x000000000240e528, R14=0x0000000000000073, R15=0x0000000000000003
RIP=0x00007ffa6dd1122c, EFLAGS=0x0000000000010246

Top of Stack: (sp=0x000000000240cfc0)
0x000000000240cfc0:   0000000000000000 0000000000000000
0x000000000240cfd0:   000000000240cf80 00000000026116a0
0x000000000240cfe0:   00000000024b1000 000000000000000c
0x000000000240cff0:   0000000000000007 000000006cdfee88
0x000000000240d000:   000000020000000c 000000000000000c
0x000000000240d010:   00000000024b1000 00007ffa6db8eac6
0x000000000240d020:   0000000000000007 000000000240e528
0x000000000240d030:   0000000000000003 0000000000000073
0x000000000240d040:   000000000240e528 00000000165f8000
0x000000000240d050:   00000000024b11f8 00007ffa6de5b8f8
0x000000000240d060:   0000000000000000 000000006c020000
0x000000000240d070:   00000000165f8000 000000006c80dfda
0x000000000240d080:   4000000000000000 000000000000004c
0x000000000240d090:   0000000016bf4ac0 00000000165f8000
0x000000000240d0a0:   0000000000000000 0000000016be45a0
0x000000000240d0b0:   0000000000000000 000000000240d2a0 

Instructions: (pc=0x00007ffa6dd1122c)
0x00007ffa6dd1120c:   75 14 b8 ec 03 00 00 48 83 c4 68 5d 41 5f 41 5e
0x00007ffa6dd1121c:   41 5d 41 5c 5f c3 48 8b 40 28 4c 89 e1 45 33 c9
0x00007ffa6dd1122c:   48 63 50 08 48 ff c2 4c 63 40 0c e8 54 e6 cd ff
0x00007ffa6dd1123c:   85 c0 74 14 b8 f8 03 00 00 48 83 c4 68 5d 41 5f 


Register to memory mapping:

RAX=0x0000000000000000 is an unknown value
RBX=0x0000000016be45a0 is an unknown value
RCX=0x0000000016be45a0 is an unknown value
RDX=0x000000000240e528 is pointing into the stack for thread: 0x00000000024b1000
RSP=0x000000000240cfc0 is pointing into the stack for thread: 0x00000000024b1000
RBP=0x0000000016bf4ac0 is an unknown value
RSI=0x0000000000000020 is an unknown value
RDI=0x00000000165f8000 is an unknown value
R8 =0x0000000000000073 is an unknown value
R9 =0x0000000000000000 is an unknown value
R10=0x4000000000000000 is an unknown value
R11=0x000000000000004c is an unknown value
R12=0x0000000016be45a0 is an unknown value
R13=0x000000000240e528 is pointing into the stack for thread: 0x00000000024b1000
R14=0x0000000000000073 is an unknown value
R15=0x0000000000000003 is an unknown value


Stack: [0x0000000002310000,0x0000000002410000],  sp=0x000000000240cfc0,  free space=1011k
Native frames: (J=compiled Java code, j=interpreted, Vv=VM code, C=native code)
C  [cplex1261remotejni.dll+0x3f122c]
C  [cplex1261remotejni.dll+0x53b8f8]
C  [cplex1261remotejni.dll+0x53b999]
C  [cplex1261remotejni.dll+0x880370]
C  0x00000000025c7f54

Java frames: (J=compiled Java code, j=interpreted, Vv=VM code)
j  ilog.cplex.Cplex.CPXcutcallbackadd(JJIIDI[I[DI)I+0
j  ilog.cplex.CpxCutCallback.addCut(DI[I[DDI)V+77
j  ilog.cplex.CpxCutCallback.addCut(Lilog/concert/IloRange;I)Lilog/concert/IloRange;+124
j  ilog.cplex.IloCplex$LazyConstraintCallback.add(Lilog/concert/IloRange;)Lilog/concert/IloRange;+9
j  po.Main$MyCallback.main()V+256
j  ilog.cplex.CpxCallback.callmain()Ljava/lang/Object;+4
j  ilog.cplex.CpxLazyConstraintCallbackFunction.callIt(JJILjava/lang/Object;[I)I+91
v  ~StubRoutines::call_stub
j  ilog.cplex.Cplex.CPXmipopt(JJ)I+0
j  ilog.cplex.CplexI$SolveHandle.start()V+278
j  ilog.cplex.CplexI.solve()V+12
j  ilog.cplex.IloCplex.solve()Z+4
j  po.Main.<init>()V+607
j  po.Main.main([Ljava/lang/String;)V+4
v  ~StubRoutines::call_stub

---------------  P R O C E S S  ---------------

Java Threads: ( => current thread )
  0x0000000016548800 JavaThread "Service Thread" daemon [_thread_blocked, id=7724, stack(0x0000000016920000,0x0000000016a20000)]
  0x0000000014ba7000 JavaThread "C1 CompilerThread2" daemon [_thread_blocked, id=10772, stack(0x0000000016420000,0x0000000016520000)]
  0x0000000014ba3800 JavaThread "C2 CompilerThread1" daemon [_thread_blocked, id=6288, stack(0x0000000016320000,0x0000000016420000)]
  0x0000000014b9f800 JavaThread "C2 CompilerThread0" daemon [_thread_blocked, id=10456, stack(0x0000000016220000,0x0000000016320000)]
  0x0000000014b9e800 JavaThread "Attach Listener" daemon [_thread_blocked, id=2548, stack(0x0000000016120000,0x0000000016220000)]
  0x0000000014b9b800 JavaThread "Signal Dispatcher" daemon [_thread_blocked, id=10996, stack(0x0000000016020000,0x0000000016120000)]
  0x0000000014b89000 JavaThread "Finalizer" daemon [_thread_blocked, id=4060, stack(0x0000000015e20000,0x0000000015f20000)]
  0x00000000025a1000 JavaThread "Reference Handler" daemon [_thread_blocked, id=12328, stack(0x0000000015d20000,0x0000000015e20000)]
=>0x00000000024b1000 JavaThread "main" [_thread_in_native, id=10152, stack(0x0000000002310000,0x0000000002410000)]

Other Threads:
  0x0000000014b67000 VMThread [stack: 0x0000000015c20000,0x0000000015d20000] [id=2220]
  0x000000001656b800 WatcherThread [stack: 0x0000000016a20000,0x0000000016b20000] [id=7040]

VM state:not at safepoint (normal execution)

VM Mutex/Monitor currently owned by a thread: None

Heap:
 PSYoungGen      total 18944K, used 3849K [0x00000000eb300000, 0x00000000ec800000, 0x0000000100000000)
  eden space 16384K, 23% used [0x00000000eb300000,0x00000000eb6c2760,0x00000000ec300000)
  from space 2560K, 0% used [0x00000000ec580000,0x00000000ec580000,0x00000000ec800000)
  to   space 2560K, 0% used [0x00000000ec300000,0x00000000ec300000,0x00000000ec580000)
 ParOldGen       total 44032K, used 0K [0x00000000c1800000, 0x00000000c4300000, 0x00000000eb300000)
  object space 44032K, 0% used [0x00000000c1800000,0x00000000c1800000,0x00000000c4300000)
 Metaspace       used 4083K, capacity 5656K, committed 6016K, reserved 1056768K
  class space    used 454K, capacity 520K, committed 640K, reserved 1048576K

Card table byte_map: [0x0000000011970000,0x0000000011b70000] byte_map_base: 0x0000000011364000

Marking Bits: (ParMarkBitMap*) 0x000000006ce0a6d0
 Begin Bits: [0x00000000120c0000, 0x0000000013060000)
 End Bits:   [0x0000000013060000, 0x0000000014000000)

Polling page: 0x0000000000b40000

CodeCache: size=245760Kb used=1432Kb max_used=1439Kb free=244327Kb
 bounds [0x00000000025b0000, 0x0000000002820000, 0x00000000115b0000]
 total_blobs=555 nmethods=154 adapters=314
 compilation: enabled

Compilation events (10 events):
Event: 0.217 Thread 0x0000000014ba7000  149       3       java.util.concurrent.ConcurrentHashMap$Node::<init> (26 bytes)
Event: 0.217 Thread 0x0000000014ba7000 nmethod 149 0x0000000002714ad0 code [0x0000000002714c20, 0x0000000002714e10]
Event: 0.217 Thread 0x0000000014b9f800  150       4       java.util.concurrent.ConcurrentHashMap::setTabAt (19 bytes)
Event: 0.218 Thread 0x0000000014b9f800 nmethod 150 0x0000000002717f10 code [0x0000000002718040, 0x00000000027180b8]
Event: 0.221 Thread 0x0000000014ba7000  152  s    1       java.util.Vector::size (5 bytes)
Event: 0.222 Thread 0x0000000014ba7000 nmethod 152 0x00000000027174d0 code [0x0000000002717620, 0x0000000002717890]
Event: 0.224 Thread 0x0000000014ba7000  153       1       java.nio.Buffer::position (5 bytes)
Event: 0.224 Thread 0x0000000014ba7000 nmethod 153 0x0000000002717010 code [0x0000000002717160, 0x0000000002717270]
Event: 0.228 Thread 0x0000000014ba7000  154       1       java.nio.Buffer::limit (5 bytes)
Event: 0.228 Thread 0x0000000014ba7000 nmethod 154 0x0000000002716d50 code [0x0000000002716ea0, 0x0000000002716fb0]

GC Heap History (0 events):
No events

Deoptimization events (0 events):
No events

Internal exceptions (2 events):
Event: 0.036 Thread 0x00000000024b1000 Exception <a 'java/lang/NoSuchMethodError': Method sun.misc.Unsafe.defineClass(Ljava/lang/String;[BII)Ljava/lang/Class; name or signature does not match> (0x00000000eb307cc0) thrown at [C:\re\workspace\8-2-build-windows-amd64-cygwin\jdk8u101\7261\hotspot\sJes#
Event: 0.036 Thread 0x00000000024b1000 Exception <a 'java/lang/NoSuchMethodError': Method sun.misc.Unsafe.prefetchRead(Ljava/lang/Object;J)V name or signature does not match> (0x00000000eb307fa8) thrown at [C:\re\workspace\8-2-build-windows-amd64-cygwin\jdk8u101\7261\hotspot\src\share\vm\prims\

Events (10 events):
Event: 0.218 loading class ilog/cplex/CpxControlCallback
Event: 0.218 loading class ilog/cplex/CpxControlCallback done
Event: 0.220 loading class ilog/cplex/CpxLazyConstraintCallbackFunction
Event: 0.220 loading class ilog/cplex/CpxLazyConstraintCallbackFunction done
Event: 0.220 loading class ilog/cplex/CplexI$SolveHandle
Event: 0.220 loading class ilog/cplex/CplexI$SolveHandle done
Event: 0.221 loading class ilog/cplex/CplexI$DefaultAsyncHandle
Event: 0.221 loading class ilog/cplex/CplexI$DefaultAsyncHandle done
Event: 0.221 loading class ilog/cplex/CpxDeleteNodeCallbackFunction
Event: 0.221 loading class ilog/cplex/CpxDeleteNodeCallbackFunction done


Dynamic libraries:
0x00007ff7f5800000 - 0x00007ff7f5837000 	C:\Program Files\Java\jdk1.8.0_101\jre\bin\java.exe
0x00007ffaa84b0000 - 0x00007ffaa8682000 	C:\WINDOWS\SYSTEM32\ntdll.dll
0x00007ffaa6070000 - 0x00007ffaa611c000 	C:\WINDOWS\System32\KERNEL32.DLL
0x00007ffaa4c00000 - 0x00007ffaa4e1d000 	C:\WINDOWS\System32\KERNELBASE.dll
0x00007ffaa5df0000 - 0x00007ffaa5e92000 	C:\WINDOWS\System32\ADVAPI32.dll
0x00007ffaa8380000 - 0x00007ffaa841e000 	C:\WINDOWS\System32\msvcrt.dll
0x00007ffaa7ae0000 - 0x00007ffaa7b39000 	C:\WINDOWS\System32\sechost.dll
0x00007ffaa6340000 - 0x00007ffaa6461000 	C:\WINDOWS\System32\RPCRT4.dll
0x00007ffaa5ea0000 - 0x00007ffaa6005000 	C:\WINDOWS\System32\USER32.dll
0x00007ffaa49b0000 - 0x00007ffaa49ce000 	C:\WINDOWS\System32\win32u.dll
0x00007ffaa82d0000 - 0x00007ffaa8304000 	C:\WINDOWS\System32\GDI32.dll
0x00007ffaa49d0000 - 0x00007ffaa4b50000 	C:\WINDOWS\System32\gdi32full.dll
0x00007ffa9ae30000 - 0x00007ffa9b0aa000 	C:\WINDOWS\WinSxS\amd64_microsoft.windows.common-controls_6595b64144ccf1df_6.0.14393.953_none_42151e83c686086b\COMCTL32.dll
0x00007ffaa5a40000 - 0x00007ffaa5d08000 	C:\WINDOWS\System32\combase.dll
0x00007ffaa5940000 - 0x00007ffaa5a35000 	C:\WINDOWS\System32\ucrtbase.dll
0x00007ffaa5880000 - 0x00007ffaa58ea000 	C:\WINDOWS\System32\bcryptPrimitives.dll
0x00007ffaa8480000 - 0x00007ffaa84ae000 	C:\WINDOWS\System32\IMM32.DLL
0x000000006c510000 - 0x000000006c5e2000 	C:\Program Files\Java\jdk1.8.0_101\jre\bin\msvcr100.dll
0x000000006c5f0000 - 0x000000006ce8a000 	C:\Program Files\Java\jdk1.8.0_101\jre\bin\server\jvm.dll
0x00007ffaa6330000 - 0x00007ffaa6338000 	C:\WINDOWS\System32\PSAPI.DLL
0x00007ffa97640000 - 0x00007ffa97649000 	C:\WINDOWS\SYSTEM32\WSOCK32.dll
0x00007ffaa2f30000 - 0x00007ffaa2f53000 	C:\WINDOWS\SYSTEM32\WINMM.dll
0x00007ffa98020000 - 0x00007ffa9802a000 	C:\WINDOWS\SYSTEM32\VERSION.dll
0x00007ffaa8310000 - 0x00007ffaa837a000 	C:\WINDOWS\System32\WS2_32.dll
0x0000000000af0000 - 0x0000000000b1b000 	C:\WINDOWS\SYSTEM32\WINMMBASE.dll
0x00007ffaa58f0000 - 0x00007ffaa5932000 	C:\WINDOWS\System32\cfgmgr32.dll
0x000000006c4c0000 - 0x000000006c4cf000 	C:\Program Files\Java\jdk1.8.0_101\jre\bin\verify.dll
0x000000006c490000 - 0x000000006c4b9000 	C:\Program Files\Java\jdk1.8.0_101\jre\bin\java.dll
0x000000006c470000 - 0x000000006c486000 	C:\Program Files\Java\jdk1.8.0_101\jre\bin\zip.dll
0x00007ffaa65d0000 - 0x00007ffaa7ad9000 	C:\WINDOWS\System32\SHELL32.dll
0x00007ffaa5140000 - 0x00007ffaa5819000 	C:\WINDOWS\System32\windows.storage.dll
0x00007ffaa4950000 - 0x00007ffaa499c000 	C:\WINDOWS\System32\powrprof.dll
0x00007ffaa8420000 - 0x00007ffaa8472000 	C:\WINDOWS\System32\shlwapi.dll
0x00007ffaa4920000 - 0x00007ffaa492f000 	C:\WINDOWS\System32\kernel.appcore.dll
0x00007ffaa4b50000 - 0x00007ffaa4bf9000 	C:\WINDOWS\System32\shcore.dll
0x00007ffaa4930000 - 0x00007ffaa4944000 	C:\WINDOWS\System32\profapi.dll
0x00007ffa6d920000 - 0x00007ffa6eee2000 	C:\Program Files\IBM\ILOG\CPLEX_Studio1261\cplex\bin\x64_win64\cplex1261remotejni.dll
0x00007ffa92df0000 - 0x00007ffa92f82000 	C:\WINDOWS\SYSTEM32\dbghelp.dll

VM Arguments:
jvm_args: -Dfile.encoding=UTF-8 -Djava.library.path=C:\Program Files\IBM\ILOG\CPLEX_Studio1261\cplex\bin\x64_win64 
java_command: po.Main
java_class_path (initial): C:\Program Files\IBM\ILOG\CPLEX_Studio1261\cplex\lib\cplex.jar;C:\Users\ultrabook\Documents\NetBeansProjects\PO-07_PCV_mod1_lazy_constraint_call_back\build\classes
Launcher Type: SUN_STANDARD

Environment Variables:
PATH=C:\Program Files\IBM\ILOG\CPLEX_Studio1261\opl\bin\x64_win64;C:\Program Files\IBM\ILOG\CPLEX_Studio1261\opl\oplide\;C:\Program Files\IBM\ILOG\CPLEX_Studio1261\cplex\bin\x64_win64;C:\Program Files\IBM\ILOG\CPLEX_Studio1261\cpoptimizer\bin\x64_win64;C:\ProgramData\Oracle\Java\javapath;C:\WINDOWS\system32;C:\WINDOWS;C:\WINDOWS\System32\Wbem;C:\WINDOWS\System32\WindowsPowerShell\v1.0\;C:\Program Files (x86)\GtkSharp\2.12\bin;C:\Program Files\Java\jdk1.8.0_101\bin;C:\Program Files\Java\jre1.8.0_121\bin;C:\xampp\php;C:\Program Files\Git\cmd;C:\Program Files\MySQL\MySQL Utilities 1.6\;C:\Program Files\Microsoft SQL Server\130\Tools\Binn\;C:\Program Files\dotnet\;C:\Users\ultrabook\AppData\Local\Microsoft\WindowsApps
USERNAME=ultrabook
OS=Windows_NT
PROCESSOR_IDENTIFIER=Intel64 Family 6 Model 58 Stepping 9, GenuineIntel



---------------  S Y S T E M  ---------------

OS: Windows 10.0 , 64 bit Build 14393 (10.0.14393.2189)

CPU:total 4 (2 cores per cpu, 2 threads per core) family 6 model 58 stepping 9, cmov, cx8, fxsr, mmx, sse, sse2, sse3, ssse3, sse4.1, sse4.2, popcnt, avx, aes, clmul, erms, ht, tsc, tscinvbit, tscinv

Memory: 4k page, physical 4088092k(1270256k free), swap 5660956k(1415916k free)

vm_info: Java HotSpot(TM) 64-Bit Server VM (25.101-b13) for windows-amd64 JRE (1.8.0_101-b13), built on Jun 22 2016 01:21:29 by "java_re" with MS VC++ 10.0 (VS2010)

time: Mon Jun 11 15:43:04 2018
elapsed time: 0 seconds (0d 0h 0m 0s)

